\BOOKMARK [0][]{chapter.1}{Einleitung}{}% 1
\BOOKMARK [1][-]{section.1.1}{Motivation\040und\040Hintergrund\040dieser\040Arbeit}{chapter.1}% 2
\BOOKMARK [1][-]{section.1.2}{Ziel\040der\040Arbeit}{chapter.1}% 3
\BOOKMARK [1][-]{section.1.3}{Ergebnisse\040der\040Arbeit}{chapter.1}% 4
\BOOKMARK [1][-]{section.1.4}{Aufbau\040der\040Arbeit}{chapter.1}% 5
\BOOKMARK [0][]{chapter.2}{Stand\040der\040Wissenschaft}{}% 6
\BOOKMARK [1][-]{section.2.1}{Funktionsweise\040eines\040CNN}{chapter.2}% 7
\BOOKMARK [1][-]{section.2.2}{CNN-\040Architekturen}{chapter.2}% 8
\BOOKMARK [2][-]{subsection.2.2.1}{ResNet\040\205\040eine\040neuere\040CNN-Architektur}{section.2.2}% 9
\BOOKMARK [1][-]{section.2.3}{Inception}{chapter.2}% 10
\BOOKMARK [1][-]{section.2.4}{Vorgehen\040zur\040Suche\040nach\040dem\040Stand\040der\040Wissenschaft}{chapter.2}% 11
\BOOKMARK [1][-]{section.2.5}{Beschneidung\040des\040Netzes\040zur\040Beschleunigung\040des\040Trainings}{chapter.2}% 12
\BOOKMARK [1][-]{section.2.6}{Beschleunigung\040des\040Lernens\040durch\040Wissenstransfer}{chapter.2}% 13
\BOOKMARK [1][-]{section.2.7}{Automatische\040Architektursuche}{chapter.2}% 14
\BOOKMARK [1][-]{section.2.8}{Schnelles\040Ressourcen-beschr\344nktes\040Strukturlernen\040tiefer\040Netzwerke}{chapter.2}% 15
\BOOKMARK [2][-]{subsection.2.8.1}{Definition\040der\040Nebenbedingung}{section.2.8}% 16
\BOOKMARK [2][-]{subsection.2.8.2}{Regularsierer}{section.2.8}% 17
\BOOKMARK [1][-]{section.2.9}{Additive\040Nethoden}{chapter.2}% 18
\BOOKMARK [2][-]{subsection.2.9.1}{Verringerung\040der\040f\374r\040Berechnungen\040n\366tige\040Zeit}{section.2.9}% 19
\BOOKMARK [2][-]{subsection.2.9.2}{Beschleunigung\040der\040Berechnung\040des\040Gradientenabstiegsverfahren}{section.2.9}% 20
\BOOKMARK [2][-]{subsection.2.9.3}{Verfahren\040zum\040Verwenden\040maximaler\040Batchgr\366\337en}{section.2.9}% 21
\BOOKMARK [0][]{chapter.3}{\334berblick\040\374ber\040die\040Arbeit}{}% 22
\BOOKMARK [1][-]{section.3.1}{Experimentelles\040Setup}{chapter.3}% 23
\BOOKMARK [2][-]{subsection.3.1.1}{Hardware}{section.3.1}% 24
\BOOKMARK [2][-]{subsection.3.1.2}{Wahl\040des\040Frameworks}{section.3.1}% 25
\BOOKMARK [2][-]{subsection.3.1.3}{verwendete\040Netzarchitektur}{section.3.1}% 26
\BOOKMARK [2][-]{subsection.3.1.4}{Baseline\040Netz}{section.3.1}% 27
\BOOKMARK [1][-]{section.3.2}{Konzept}{chapter.3}% 28
\BOOKMARK [0][]{chapter.4}{Untersuchung\040von\040MorphNet}{}% 29
\BOOKMARK [1][-]{section.4.1}{Evaluierung\040der\040einzelnen\040Schritte\040von\040MorphNet}{chapter.4}% 30
\BOOKMARK [1][-]{section.4.2}{Evaluierung\040der\040Ergebnisse\040von\040MorphNet}{chapter.4}% 31
\BOOKMARK [0][]{chapter.5}{Evaluation\040des\040Beschneidens\040des\040Netzes}{}% 32
\BOOKMARK [1][-]{section.5.1}{Evaluation\040bei\040gleichbleibender\040Batchgr\366\337e}{chapter.5}% 33
\BOOKMARK [1][-]{section.5.2}{Experimente\040zur\040Anpassung\040der\040Batchgr\366\337e\040beim\040Beschneiden\040des\040Netzes}{chapter.5}% 34
\BOOKMARK [2][-]{subsection.5.2.1}{Berchnung\040der\040Batchgr\366\337e\040abh\344ngig\040vom\040Speicherverbrauch}{section.5.2}% 35
\BOOKMARK [2][-]{subsection.5.2.2}{Evaluierung\040der\040Anpassung\040der\040Batchgr\366\337e\040an\040die\040Netzgr\366\337e}{section.5.2}% 36
\BOOKMARK [0][]{chapter.6}{Evaluierung\040von\040Net2Net}{}% 37
\BOOKMARK [1][-]{section.6.1}{Evaluierung\040des\040Operators\040f\374r\040ein\040breiteres\040Netz}{chapter.6}% 38
\BOOKMARK [2][-]{subsection.6.1.1}{Verbreitern\040aller\040Phasen}{section.6.1}% 39
\BOOKMARK [1][-]{section.6.2}{Evaluierung\040des\040Operators\040f\374r\040ein\040tieferes\040Netz}{chapter.6}% 40
\BOOKMARK [1][-]{section.6.3}{Erkunden\040des\040Modellraums}{chapter.6}% 41
\BOOKMARK [0][]{chapter.7}{Vergleich}{}% 42
\BOOKMARK [0][]{chapter.8}{Ausblick\040und\040Fazit}{}% 43
\BOOKMARK [0][]{appendix.A}{d}{}% 44
\BOOKMARK [0][]{chapter*.71}{Abbildungsverzeichnis}{}% 45
\BOOKMARK [0][]{chapter*.71}{Literaturverzeichnis}{}% 46
